apex_throughput: [32mINFO[39m Received: 8650375168
apex_throughput: [32mINFO[39m Received: 8662237184
apex_throughput: [32mINFO[39m Received: 8674099200
apex_throughput: [32mINFO[39m Received: 8687443968
apex_throughput: [32mINFO[39m Received: 8699305984
apex_throughput: [32mINFO[39m Received: 8711168000
apex_throughput: [32mINFO[39m Received: 8724512768
apex_throughput: [32mINFO[39m Received: 8736374784
apex_throughput: [32mINFO[39m Received: 8748236800
apex_throughput: [32mINFO[39m Received: 8761581568
apex_throughput: [32mINFO[39m Starting throughput sender
np_zynq7000: [32mINFO[39m Running network partition aperiodic process
apex_throughput: [32mINFO[39m Starting throughput receiver
apex_throughput: [32mINFO[39m Received: 0
apex_throughput: [32mINFO[39m Received: 7413760
apex_throughput: [32mINFO[39m Received: 14802944
apex_throughput: [32mINFO[39m Received: 22183936
apex_throughput: [32mINFO[39m Received: 29573120
apex_throughput: [32mINFO[39m Received: 36962304
apex_throughput: [32mINFO[39m Received: 44343296
apex_throughput: [32mINFO[39m Received: 51732480
apex_throughput: [32mINFO[39m Received: 59121664
apex_throughput: [32mINFO[39m Received: 66502656
apex_throughput: [32mINFO[39m Received: 73891840
apex_throughput: [32mINFO[39m Received: 81281024
apex_throughput: [32mINFO[39m Received: 88662016
apex_throughput: [32mINFO[39m Received: 96051200
apex_throughput: [32mINFO[39m Received: 103440384
apex_throughput: [32mINFO[39m Received: 110821376
apex_throughput: [32mINFO[39m Received: 118210560
apex_throughput: [32mINFO[39m Received: 125599744
apex_throughput: [32mINFO[39m Received: 132980736
apex_throughput: [32mINFO[39m Received: 140369920
apex_throughput: [32mINFO[39m Received: 147759104
apex_throughput: [32mINFO[39m Received: 155140096
apex_throughput: [32mINFO[39m Received: 162529280
apex_throughput: [32mINFO[39m Received: 169918464
apex_throughput: [32mINFO[39m Received: 177299456
apex_throughput: [32mINFO[39m Received: 184688640
apex_throughput: [32mINFO[39m Received: 192077824
apex_throughput: [32mINFO[39m Received: 199458816
apex_throughput: [32mINFO[39m Received: 206848000
apex_throughput: [32mINFO[39m Received: 214237184
apex_throughput: [32mINFO[39m Received: 221618176
apex_throughput: [32mINFO[39m Received: 229007360
apex_throughput: [32mINFO[39m Received: 236396544
apex_throughput: [32mINFO[39m Received: 243777536
apex_throughput: [32mINFO[39m Received: 251166720
apex_throughput: [32mINFO[39m Received: 258555904
apex_throughput: [32mINFO[39m Received: 265936896
apex_throughput: [32mINFO[39m Received: 273326080
apex_throughput: [32mINFO[39m Received: 280715264
apex_throughput: [32mINFO[39m Received: 288096256
apex_throughput: [32mINFO[39m Received: 295485440
apex_throughput: [32mINFO[39m Received: 302874624
apex_throughput: [32mINFO[39m Received: 310255616
apex_throughput: [32mINFO[39m Received: 317644800
apex_throughput: [32mINFO[39m Received: 325033984
apex_throughput: [32mINFO[39m Received: 332414976
apex_throughput: [32mINFO[39m Received: 339804160
apex_throughput: [32mINFO[39m Received: 347193344
apex_throughput: [32mINFO[39m Received: 354574336
apex_throughput: [32mINFO[39m Received: 361963520
apex_throughput: [32mINFO[39m Received: 369352704
apex_throughput: [32mINFO[39m Received: 376733696
apex_throughput: [32mINFO[39m Received: 384122880
apex_throughput: [32mINFO[39m Received: 391512064
apex_throughput: [32mINFO[39m Received: 398893056
apex_throughput: [32mINFO[39m Received: 406282240
apex_throughput: [32mINFO[39m Received: 413671424
apex_throughput: [32mINFO[39m Received: 421052416
apex_throughput: [32mINFO[39m Received: 428441600
apex_throughput: [32mINFO[39m Received: 435830784
apex_throughput: [32mINFO[39m Received: 443211776
apex_throughput: [32mINFO[39m Received: 450600960
apex_throughput: [32mINFO[39m Received: 457990144
apex_throughput: [32mINFO[39m Received: 465371136
apex_throughput: [32mINFO[39m Received: 472760320
apex_throughput: [32mINFO[39m Received: 480149504
apex_throughput: [32mINFO[39m Received: 487530496
apex_throughput: [32mINFO[39m Received: 494919680
apex_throughput: [32mINFO[39m Received: 502308864
apex_throughput: [32mINFO[39m Received: 509689856
apex_throughput: [32mINFO[39m Received: 517079040
apex_throughput: [32mINFO[39m Received: 524468224
apex_throughput: [32mINFO[39m Received: 531849216
apex_throughput: [32mINFO[39m Received: 539238400
apex_throughput: [32mINFO[39m Received: 546627584
apex_throughput: [32mINFO[39m Received: 554008576
apex_throughput: [32mINFO[39m Received: 561397760
apex_throughput: [32mINFO[39m Received: 568786944
apex_throughput: [32mINFO[39m Received: 576167936
apex_throughput: [32mINFO[39m Received: 583557120
apex_throughput: [32mINFO[39m Received: 590946304
apex_throughput: [32mINFO[39m Received: 598327296
apex_throughput: [32mINFO[39m Received: 605716480
apex_throughput: [32mINFO[39m Received: 613105664
apex_throughput: [32mINFO[39m Received: 620486656
apex_throughput: [32mINFO[39m Received: 627875840
apex_throughput: [32mINFO[39m Received: 635265024
apex_throughput: [32mINFO[39m Received: 642646016
apex_throughput: [32mINFO[39m Received: 650035200
apex_throughput: [32mINFO[39m Received: 657424384
apex_throughput: [32mINFO[39m Received: 664805376
apex_throughput: [32mINFO[39m Received: 672194560
apex_throughput: [32mINFO[39m Received: 679583744
apex_throughput: [32mINFO[39m Received: 686964736
apex_throughput: [32mINFO[39m Received: 694353920
apex_throughput: [32mINFO[39m Received: 701743104
apex_throughput: [32mINFO[39m Received: 709124096
apex_throughput: [32mINFO[39m Received: 716513280
apex_throughput: [32mINFO[39m Received: 723902464
apex_throughput: [32mINFO[39m Received: 731283456
apex_throughput: [32mINFO[39m Received: 738672640
apex_throughput: [32mINFO[39m Received: 746061824
apex_throughput: [32mINFO[39m Received: 753442816
apex_throughput: [32mINFO[39m Received: 760832000
apex_throughput: [32mINFO[39m Received: 768221184
apex_throughput: [32mINFO[39m Received: 775602176
apex_throughput: [32mINFO[39m Received: 782991360
apex_throughput: [32mINFO[39m Received: 790380544
apex_throughput: [32mINFO[39m Received: 797761536
apex_throughput: [32mINFO[39m Received: 805150720
apex_throughput: [32mINFO[39m Received: 812539904
apex_throughput: [32mINFO[39m Received: 819920896
apex_throughput: [32mINFO[39m Received: 827310080
apex_throughput: [32mINFO[39m Received: 834699264
apex_throughput: [32mINFO[39m Received: 842080256
apex_throughput: [32mINFO[39m Received: 849469440
apex_throughput: [32mINFO[39m Received: 856858624
apex_throughput: [32mINFO[39m Received: 864239616
apex_throughput: [32mINFO[39m Received: 871628800
apex_throughput: [32mINFO[39m Received: 879017984
apex_throughput: [32mINFO[39m Received: 886398976
apex_throughput: [32mINFO[39m Received: 893788160
apex_throughput: [32mINFO[39m Received: 901177344
apex_throughput: [32mINFO[39m Received: 908558336
apex_throughput: [32mINFO[39m Received: 915947520
apex_throughput: [32mINFO[39m Received: 923336704
apex_throughput: [32mINFO[39m Received: 930717696
apex_throughput: [32mINFO[39m Received: 938106880
apex_throughput: [32mINFO[39m Received: 945496064
apex_throughput: [32mINFO[39m Received: 952877056
apex_throughput: [32mINFO[39m Received: 960266240
apex_throughput: [32mINFO[39m Received: 967655424
apex_throughput: [32mINFO[39m Received: 975036416
apex_throughput: [32mINFO[39m Received: 982425600
apex_throughput: [32mINFO[39m Received: 989814784
apex_throughput: [32mINFO[39m Received: 997195776
apex_throughput: [32mINFO[39m Received: 1004584960
apex_throughput: [32mINFO[39m Received: 1011974144
apex_throughput: [32mINFO[39m Received: 1019355136
apex_throughput: [32mINFO[39m Received: 1026744320
apex_throughput: [32mINFO[39m Received: 1034133504
apex_throughput: [32mINFO[39m Received: 1041514496
apex_throughput: [32mINFO[39m Received: 1048903680
apex_throughput: [32mINFO[39m Received: 1056292864
apex_throughput: [32mINFO[39m Received: 1063673856
apex_throughput: [32mINFO[39m Received: 1071063040
apex_throughput: [32mINFO[39m Received: 1078452224
apex_throughput: [32mINFO[39m Received: 1085833216
apex_throughput: [32mINFO[39m Received: 1093222400
apex_throughput: [32mINFO[39m Received: 1100611584
apex_throughput: [32mINFO[39m Received: 1107992576
apex_throughput: [32mINFO[39m Received: 1115381760
apex_throughput: [32mINFO[39m Received: 1122770944
apex_throughput: [32mINFO[39m Received: 1130151936
apex_throughput: [32mINFO[39m Received: 1137541120
apex_throughput: [32mINFO[39m Received: 1144930304
apex_throughput: [32mINFO[39m Received: 1152311296
apex_throughput: [32mINFO[39m Received: 1159700480
apex_throughput: [32mINFO[39m Received: 1167089664
apex_throughput: [32mINFO[39m Received: 1174470656
apex_throughput: [32mINFO[39m Received: 1181859840
apex_throughput: [32mINFO[39m Received: 1189249024
apex_throughput: [32mINFO[39m Received: 1196630016
apex_throughput: [32mINFO[39m Received: 1204019200
apex_throughput: [32mINFO[39m Received: 1211408384
apex_throughput: [32mINFO[39m Received: 1218789376
apex_throughput: [32mINFO[39m Received: 1226178560
apex_throughput: [32mINFO[39m Received: 1233567744
apex_throughput: [32mINFO[39m Received: 1240948736
apex_throughput: [32mINFO[39m Received: 1248337920
apex_throughput: [32mINFO[39m Received: 1255727104
apex_throughput: [32mINFO[39m Received: 1263108096
apex_throughput: [32mINFO[39m Received: 1270497280
apex_throughput: [32mINFO[39m Received: 1277886464
apex_throughput: [32mINFO[39m Received: 1285267456
apex_throughput: [32mINFO[39m Received: 1292656640
apex_throughput: [32mINFO[39m Received: 1300045824
apex_throughput: [32mINFO[39m Received: 1307426816
apex_throughput: [32mINFO[39m Received: 1314816000
apex_throughput: [32mINFO[39m Received: 1322205184
apex_throughput: [32mINFO[39m Received: 1329586176
apex_throughput: [32mINFO[39m Received: 1336975360
apex_throughput: [32mINFO[39m Received: 1344364544
apex_throughput: [32mINFO[39m Received: 1351745536
apex_throughput: [32mINFO[39m Received: 1359134720
apex_throughput: [32mINFO[39m Received: 1366523904
apex_throughput: [32mINFO[39m Received: 1373904896
apex_throughput: [32mINFO[39m Received: 1381294080
apex_throughput: [32mINFO[39m Received: 1388683264
apex_throughput: [32mINFO[39m Received: 1396064256
apex_throughput: [32mINFO[39m Received: 1403453440
apex_throughput: [32mINFO[39m Received: 1410842624
apex_throughput: [32mINFO[39m Received: 1418223616
apex_throughput: [32mINFO[39m Received: 1425612800
apex_throughput: [32mINFO[39m Received: 1433001984
apex_throughput: [32mINFO[39m Received: 1440382976
apex_throughput: [32mINFO[39m Received: 1447772160
apex_throughput: [32mINFO[39m Received: 1455161344
apex_throughput: [32mINFO[39m Received: 1462542336
apex_throughput: [32mINFO[39m Received: 1469931520
apex_throughput: [32mINFO[39m Received: 1477320704
apex_throughput: [32mINFO[39m Received: 1484701696
apex_throughput: [32mINFO[39m Received: 1492090880
apex_throughput: [32mINFO[39m Received: 1499480064
apex_throughput: [32mINFO[39m Received: 1506861056
apex_throughput: [32mINFO[39m Received: 1514250240
apex_throughput: [32mINFO[39m Received: 1521639424
apex_throughput: [32mINFO[39m Received: 1529020416
apex_throughput: [32mINFO[39m Received: 1536409600
apex_throughput: [32mINFO[39m Received: 1543798784
apex_throughput: [32mINFO[39m Received: 1551179776
apex_throughput: [32mINFO[39m Received: 1558568960
apex_throughput: [32mINFO[39m Received: 1565958144
apex_throughput: [32mINFO[39m Received: 1573339136
apex_throughput: [32mINFO[39m Received: 1580728320
apex_throughput: [32mINFO[39m Received: 1588117504
apex_throughput: [32mINFO[39m Received: 1595498496
apex_throughput: [32mINFO[39m Received: 1602887680
apex_throughput: [32mINFO[39m Received: 1610276864
apex_throughput: [32mINFO[39m Received: 1617657856
apex_throughput: [32mINFO[39m Received: 1625047040
apex_throughput: [32mINFO[39m Received: 1632436224
apex_throughput: [32mINFO[39m Received: 1639817216
apex_throughput: [32mINFO[39m Received: 1647206400
apex_throughput: [32mINFO[39m Received: 1654595584
apex_throughput: [32mINFO[39m Received: 1661976576
apex_throughput: [32mINFO[39m Received: 1669365760
apex_throughput: [32mINFO[39m Received: 1676754944
apex_throughput: [32mINFO[39m Received: 1684135936
apex_throughput: [32mINFO[39m Received: 1691525120
apex_throughput: [32mINFO[39m Received: 1698914304
apex_throughput: [32mINFO[39m Received: 1706295296
apex_throughput: [32mINFO[39m Received: 1713684480
apex_throughput: [32mINFO[39m Received: 1721073664
apex_throughput: [32mINFO[39m Received: 1728454656
apex_throughput: [32mINFO[39m Received: 1735843840
apex_throughput: [32mINFO[39m Received: 1743233024
apex_throughput: [32mINFO[39m Received: 1750614016
apex_throughput: [32mINFO[39m Received: 1758003200
apex_throughput: [32mINFO[39m Received: 1765392384
apex_throughput: [32mINFO[39m Received: 1772773376
apex_throughput: [32mINFO[39m Received: 1780162560
apex_throughput: [32mINFO[39m Received: 1787551744
apex_throughput: [32mINFO[39m Received: 1794932736
apex_throughput: [32mINFO[39m Received: 1802321920
apex_throughput: [32mINFO[39m Received: 1809711104
apex_throughput: [32mINFO[39m Received: 1817092096
apex_throughput: [32mINFO[39m Received: 1824481280
apex_throughput: [32mINFO[39m Received: 1831870464
apex_throughput: [32mINFO[39m Received: 1839251456
apex_throughput: [32mINFO[39m Received: 1846640640
apex_throughput: [32mINFO[39m Received: 1854029824
apex_throughput: [32mINFO[39m Received: 1861410816
apex_throughput: [32mINFO[39m Received: 1868800000
apex_throughput: [32mINFO[39m Received: 1876189184
apex_throughput: [32mINFO[39m Received: 1883570176
apex_throughput: [32mINFO[39m Received: 1890959360
apex_throughput: [32mINFO[39m Received: 1898348544
apex_throughput: [32mINFO[39m Received: 1905729536
apex_throughput: [32mINFO[39m Received: 1913118720
apex_throughput: [32mINFO[39m Received: 1920507904
apex_throughput: [32mINFO[39m Received: 1927888896
apex_throughput: [32mINFO[39m Received: 1935278080
apex_throughput: [32mINFO[39m Received: 1942667264
apex_throughput: [32mINFO[39m Received: 1950048256
apex_throughput: [32mINFO[39m Received: 1957437440
apex_throughput: [32mINFO[39m Received: 1964826624
apex_throughput: [32mINFO[39m Received: 1972207616
apex_throughput: [32mINFO[39m Received: 1979596800
apex_throughput: [32mINFO[39m Received: 1986985984
apex_throughput: [32mINFO[39m Received: 1994366976
apex_throughput: [32mINFO[39m Received: 2001756160
apex_throughput: [32mINFO[39m Received: 2009145344
apex_throughput: [32mINFO[39m Received: 2016526336
apex_throughput: [32mINFO[39m Received: 2023915520
apex_throughput: [32mINFO[39m Received: 2031304704
apex_throughput: [32mINFO[39m Received: 2038685696
apex_throughput: [32mINFO[39m Received: 2046074880
apex_throughput: [32mINFO[39m Received: 2053464064
apex_throughput: [32mINFO[39m Received: 2060845056
apex_throughput: [32mINFO[39m Received: 2068234240
apex_throughput: [32mINFO[39m Received: 2075623424
apex_throughput: [32mINFO[39m Received: 2083004416
apex_throughput: [32mINFO[39m Received: 2090393600
apex_throughput: [32mINFO[39m Received: 2097782784
apex_throughput: [32mINFO[39m Received: 2105163776
apex_throughput: [32mINFO[39m Received: 2112552960
apex_throughput: [32mINFO[39m Received: 2119942144
apex_throughput: [32mINFO[39m Received: 2127323136
apex_throughput: [32mINFO[39m Received: 2134712320
apex_throughput: [32mINFO[39m Received: 2142101504
apex_throughput: [32mINFO[39m Received: 2149482496
apex_throughput: [32mINFO[39m Received: 2156871680
apex_throughput: [32mINFO[39m Received: 2164260864
apex_throughput: [32mINFO[39m Received: 2171641856
apex_throughput: [32mINFO[39m Received: 2179031040
apex_throughput: [32mINFO[39m Received: 2186420224
apex_throughput: [32mINFO[39m Received: 2193801216
apex_throughput: [32mINFO[39m Received: 2201190400
apex_throughput: [32mINFO[39m Received: 2208579584
apex_throughput: [32mINFO[39m Received: 2215960576
apex_throughput: [32mINFO[39m Received: 2223349760
apex_throughput: [32mINFO[39m Received: 2230738944
apex_throughput: [32mINFO[39m Received: 2238119936
apex_throughput: [32mINFO[39m Received: 2245509120
apex_throughput: [32mINFO[39m Received: 2252898304
apex_throughput: [32mINFO[39m Received: 2260279296
apex_throughput: [32mINFO[39m Received: 2267668480
apex_throughput: [32mINFO[39m Received: 2275057664
apex_throughput: [32mINFO[39m Received: 2282438656
apex_throughput: [32mINFO[39m Received: 2289827840
apex_throughput: [32mINFO[39m Received: 2297217024
apex_throughput: [32mINFO[39m Received: 2304598016
apex_throughput: [32mINFO[39m Received: 2311987200
apex_throughput: [32mINFO[39m Received: 2319376384
apex_throughput: [32mINFO[39m Received: 2326757376
apex_throughput: [32mINFO[39m Received: 2334146560
apex_throughput: [32mINFO[39m Received: 2341535744
apex_throughput: [32mINFO[39m Received: 2348916736
apex_throughput: [32mINFO[39m Received: 2356305920
apex_throughput: [32mINFO[39m Received: 2363695104
apex_throughput: [32mINFO[39m Received: 2371076096
apex_throughput: [32mINFO[39m Received: 2378465280
apex_throughput: [32mINFO[39m Received: 2385854464
apex_throughput: [32mINFO[39m Received: 2393235456
apex_throughput: [32mINFO[39m Received: 2400624640
apex_throughput: [32mINFO[39m Received: 2408013824
apex_throughput: [32mINFO[39m Received: 2415394816
apex_throughput: [32mINFO[39m Received: 2422784000
apex_throughput: [32mINFO[39m Received: 2430173184
apex_throughput: [32mINFO[39m Received: 2437554176
apex_throughput: [32mINFO[39m Received: 2444943360
apex_throughput: [32mINFO[39m Received: 2452332544
apex_throughput: [32mINFO[39m Received: 2459713536
apex_throughput: [32mINFO[39m Received: 2467102720
apex_throughput: [32mINFO[39m Received: 2474491904
apex_throughput: [32mINFO[39m Received: 2481872896
apex_throughput: [32mINFO[39m Received: 2489262080
apex_throughput: [32mINFO[39m Received: 2496651264
apex_throughput: [32mINFO[39m Received: 2504032256
apex_throughput: [32mINFO[39m Received: 2511421440
apex_throughput: [32mINFO[39m Received: 2518810624
apex_throughput: [32mINFO[39m Received: 2526191616
apex_throughput: [32mINFO[39m Received: 2533580800
apex_throughput: [32mINFO[39m Received: 2540969984
apex_throughput: [32mINFO[39m Received: 2548350976
apex_throughput: [32mINFO[39m Received: 2555740160
apex_throughput: [32mINFO[39m Received: 2563129344
apex_throughput: [32mINFO[39m Received: 2570510336
apex_throughput: [32mINFO[39m Received: 2577899520
apex_throughput: [32mINFO[39m Received: 2585288704
apex_throughput: [32mINFO[39m Received: 2592669696
apex_throughput: [32mINFO[39m Received: 2600058880
apex_throughput: [32mINFO[39m Received: 2607448064
apex_throughput: [32mINFO[39m Received: 2614829056
apex_throughput: [32mINFO[39m Received: 2622218240
apex_throughput: [32mINFO[39m Received: 2629607424
apex_throughput: [32mINFO[39m Received: 2636988416
apex_throughput: [32mINFO[39m Received: 2644377600
network_partition::forward: [31mERROR[39m System time was not normal
apex_throughput: [32mINFO[39m Received: 2651766784
apex_throughput: [32mINFO[39m Received: 2659147776
apex_throughput: [32mINFO[39m Received: 2666536960
apex_throughput: [32mINFO[39m Received: 2673926144
apex_throughput: [32mINFO[39m Received: 2681307136
apex_throughput: [32mINFO[39m Received: 2688696320
apex_throughput: [32mINFO[39m Received: 2696085504
apex_throughput: [32mINFO[39m Received: 2703466496
apex_throughput: [32mINFO[39m Received: 2710855680
apex_throughput: [32mINFO[39m Received: 2718244864
apex_throughput: [32mINFO[39m Received: 2725625856
apex_throughput: [32mINFO[39m Received: 2733015040
apex_throughput: [32mINFO[39m Received: 2740404224
apex_throughput: [32mINFO[39m Received: 2747785216
apex_throughput: [32mINFO[39m Received: 2755174400
apex_throughput: [32mINFO[39m Received: 2762563584
apex_throughput: [32mINFO[39m Received: 2769944576
apex_throughput: [32mINFO[39m Received: 2777333760
apex_throughput: [32mINFO[39m Received: 2784722944
apex_throughput: [32mINFO[39m Received: 2792103936
apex_throughput: [32mINFO[39m Received: 2799493120
apex_throughput: [32mINFO[39m Received: 2806882304
apex_throughput: [32mINFO[39m Received: 2814263296
apex_throughput: [32mINFO[39m Received: 2821652480
apex_throughput: [32mINFO[39m Received: 2829041664
apex_throughput: [32mINFO[39m Received: 2836422656
apex_throughput: [32mINFO[39m Received: 2843811840
apex_throughput: [32mINFO[39m Received: 2851201024
apex_throughput: [32mINFO[39m Received: 2858582016
apex_throughput: [32mINFO[39m Received: 2865971200
apex_throughput: [32mINFO[39m Received: 2873360384
apex_throughput: [32mINFO[39m Received: 2880741376
apex_throughput: [32mINFO[39m Received: 2888130560
apex_throughput: [32mINFO[39m Received: 2895519744
apex_throughput: [32mINFO[39m Received: 2902900736
apex_throughput: [32mINFO[39m Received: 2910289920
apex_throughput: [32mINFO[39m Received: 2917679104
apex_throughput: [32mINFO[39m Received: 2925060096
apex_throughput: [32mINFO[39m Received: 2932449280
apex_throughput: [32mINFO[39m Received: 2939838464
apex_throughput: [32mINFO[39m Received: 2947219456
apex_throughput: [32mINFO[39m Received: 2954608640
apex_throughput: [32mINFO[39m Received: 2961997824
apex_throughput: [32mINFO[39m Received: 2969378816
apex_throughput: [32mINFO[39m Received: 2976768000
apex_throughput: [32mINFO[39m Received: 2984157184
apex_throughput: [32mINFO[39m Received: 2991538176
apex_throughput: [32mINFO[39m Received: 2998927360
apex_throughput: [32mINFO[39m Received: 3006316544
apex_throughput: [32mINFO[39m Received: 3013697536
apex_throughput: [32mINFO[39m Received: 3021086720
apex_throughput: [32mINFO[39m Received: 3028475904
apex_throughput: [32mINFO[39m Received: 3035856896
apex_throughput: [32mINFO[39m Received: 3043246080
apex_throughput: [32mINFO[39m Received: 3050635264
apex_throughput: [32mINFO[39m Received: 3058016256
apex_throughput: [32mINFO[39m Received: 3065405440
apex_throughput: [32mINFO[39m Received: 3072794624
apex_throughput: [32mINFO[39m Received: 3080175616
apex_throughput: [32mINFO[39m Received: 3087564800
apex_throughput: [32mINFO[39m Received: 3094953984
apex_throughput: [32mINFO[39m Received: 3102334976
apex_throughput: [32mINFO[39m Received: 3109724160
apex_throughput: [32mINFO[39m Received: 3117113344
apex_throughput: [32mINFO[39m Received: 3124494336
apex_throughput: [32mINFO[39m Received: 3131883520
apex_throughput: [32mINFO[39m Received: 3139272704
apex_throughput: [32mINFO[39m Received: 3146653696
apex_throughput: [32mINFO[39m Received: 3154042880
apex_throughput: [32mINFO[39m Received: 3161432064
apex_throughput: [32mINFO[39m Received: 3168813056
apex_throughput: [32mINFO[39m Received: 3176202240
apex_throughput: [32mINFO[39m Received: 3183591424
apex_throughput: [32mINFO[39m Received: 3190972416
apex_throughput: [32mINFO[39m Received: 3198361600
apex_throughput: [32mINFO[39m Received: 3205750784
apex_throughput: [32mINFO[39m Received: 3213131776
apex_throughput: [32mINFO[39m Received: 3220520960
apex_throughput: [32mINFO[39m Received: 3227910144
apex_throughput: [32mINFO[39m Received: 3235291136
apex_throughput: [32mINFO[39m Received: 3242680320
apex_throughput: [32mINFO[39m Received: 3250069504
apex_throughput: [32mINFO[39m Received: 3257450496
apex_throughput: [32mINFO[39m Received: 3264839680
apex_throughput: [32mINFO[39m Received: 3272228864
apex_throughput: [32mINFO[39m Received: 3279609856
apex_throughput: [32mINFO[39m Received: 3286999040
apex_throughput: [32mINFO[39m Received: 3294388224
apex_throughput: [32mINFO[39m Received: 3301769216
apex_throughput: [32mINFO[39m Received: 3309158400
apex_throughput: [32mINFO[39m Received: 3316547584
apex_throughput: [32mINFO[39m Received: 3323928576
apex_throughput: [32mINFO[39m Received: 3331317760
apex_throughput: [32mINFO[39m Received: 3338706944
apex_throughput: [32mINFO[39m Received: 3346087936
apex_throughput: [32mINFO[39m Received: 3353477120
apex_throughput: [32mINFO[39m Received: 3360866304
apex_throughput: [32mINFO[39m Received: 3368247296
apex_throughput: [32mINFO[39m Received: 3375636480
apex_throughput: [32mINFO[39m Received: 3383025664
apex_throughput: [32mINFO[39m Received: 3390406656
apex_throughput: [32mINFO[39m Received: 3397795840
apex_throughput: [32mINFO[39m Received: 3405185024
apex_throughput: [32mINFO[39m Received: 3412566016
apex_throughput: [32mINFO[39m Received: 3419955200
apex_throughput: [32mINFO[39m Received: 3427344384
apex_throughput: [32mINFO[39m Received: 3434725376
apex_throughput: [32mINFO[39m Received: 3442114560
apex_throughput: [32mINFO[39m Received: 3449503744
apex_throughput: [32mINFO[39m Received: 3456884736
apex_throughput: [32mINFO[39m Received: 3464273920
apex_throughput: [32mINFO[39m Received: 3471663104
apex_throughput: [32mINFO[39m Received: 3479044096
apex_throughput: [32mINFO[39m Received: 3486433280
apex_throughput: [32mINFO[39m Received: 3493822464
apex_throughput: [32mINFO[39m Received: 3501203456
apex_throughput: [32mINFO[39m Received: 3508592640
apex_throughput: [32mINFO[39m Received: 3515981824
apex_throughput: [32mINFO[39m Received: 3523362816
apex_throughput: [32mINFO[39m Received: 3530752000
apex_throughput: [32mINFO[39m Received: 3538141184
apex_throughput: [32mINFO[39m Received: 3545522176
apex_throughput: [32mINFO[39m Received: 3552911360
apex_throughput: [32mINFO[39m Received: 3560300544
apex_throughput: [32mINFO[39m Received: 3567681536
apex_throughput: [32mINFO[39m Received: 3575070720
apex_throughput: [32mINFO[39m Received: 3582459904
apex_throughput: [32mINFO[39m Received: 3589840896
apex_throughput: [32mINFO[39m Received: 3597230080
apex_throughput: [32mINFO[39m Received: 3604619264
apex_throughput: [32mINFO[39m Received: 3612000256
apex_throughput: [32mINFO[39m Received: 3619389440
apex_throughput: [32mINFO[39m Received: 3626778624
apex_throughput: [32mINFO[39m Received: 3634159616
apex_throughput: [32mINFO[39m Received: 3641548800
apex_throughput: [32mINFO[39m Received: 3648937984
apex_throughput: [32mINFO[39m Received: 3656318976
apex_throughput: [32mINFO[39m Received: 3663708160
apex_throughput: [32mINFO[39m Received: 3671097344
apex_throughput: [32mINFO[39m Received: 3678478336
apex_throughput: [32mINFO[39m Received: 3685867520
apex_throughput: [32mINFO[39m Received: 3693256704
apex_throughput: [32mINFO[39m Received: 3700637696
apex_throughput: [32mINFO[39m Received: 3708026880
apex_throughput: [32mINFO[39m Received: 3715416064
apex_throughput: [32mINFO[39m Received: 3722797056
apex_throughput: [32mINFO[39m Received: 3730186240
apex_throughput: [32mINFO[39m Received: 3737575424
apex_throughput: [32mINFO[39m Received: 3744956416
apex_throughput: [32mINFO[39m Received: 3752345600
apex_throughput: [32mINFO[39m Received: 3759734784
apex_throughput: [32mINFO[39m Received: 3767115776
apex_throughput: [32mINFO[39m Received: 3774504960
apex_throughput: [32mINFO[39m Received: 3781894144
apex_throughput: [32mINFO[39m Received: 3789275136
apex_throughput: [32mINFO[39m Received: 3796664320
apex_throughput: [32mINFO[39m Received: 3804053504
apex_throughput: [32mINFO[39m Received: 3811434496
apex_throughput: [32mINFO[39m Received: 3818823680
apex_throughput: [32mINFO[39m Received: 3826212864
apex_throughput: [32mINFO[39m Received: 3833593856
apex_throughput: [32mINFO[39m Received: 3840983040
apex_throughput: [32mINFO[39m Received: 3848372224
apex_throughput: [32mINFO[39m Received: 3855753216
apex_throughput: [32mINFO[39m Received: 3863142400
apex_throughput: [32mINFO[39m Received: 3870531584
apex_throughput: [32mINFO[39m Received: 3877912576
apex_throughput: [32mINFO[39m Received: 3885301760
apex_throughput: [32mINFO[39m Received: 3892690944
apex_throughput: [32mINFO[39m Received: 3900071936
apex_throughput: [32mINFO[39m Received: 3907461120
apex_throughput: [32mINFO[39m Received: 3914850304
apex_throughput: [32mINFO[39m Received: 3922231296
apex_throughput: [32mINFO[39m Received: 3929620480
apex_throughput: [32mINFO[39m Received: 3937009664
apex_throughput: [32mINFO[39m Received: 3944390656
apex_throughput: [32mINFO[39m Received: 3951779840
apex_throughput: [32mINFO[39m Received: 3959169024
apex_throughput: [32mINFO[39m Received: 3966550016
apex_throughput: [32mINFO[39m Received: 3973939200
apex_throughput: [32mINFO[39m Received: 3981328384
apex_throughput: [32mINFO[39m Received: 3988709376
apex_throughput: [32mINFO[39m Received: 3996098560
apex_throughput: [32mINFO[39m Received: 4003487744
apex_throughput: [32mINFO[39m Received: 4010868736
apex_throughput: [32mINFO[39m Received: 4018257920
apex_throughput: [32mINFO[39m Received: 4025647104
apex_throughput: [32mINFO[39m Received: 4033028096
apex_throughput: [32mINFO[39m Received: 4040417280
apex_throughput: [32mINFO[39m Received: 4047806464
apex_throughput: [32mINFO[39m Received: 4055187456
apex_throughput: [32mINFO[39m Received: 4062576640
apex_throughput: [32mINFO[39m Received: 4069965824
apex_throughput: [32mINFO[39m Received: 4077346816
apex_throughput: [32mINFO[39m Received: 4084736000
apex_throughput: [32mINFO[39m Received: 4092125184
apex_throughput: [32mINFO[39m Received: 4099506176
apex_throughput: [32mINFO[39m Received: 4106895360
apex_throughput: [32mINFO[39m Received: 4114284544
apex_throughput: [32mINFO[39m Received: 4121665536
apex_throughput: [32mINFO[39m Received: 4129054720
apex_throughput: [32mINFO[39m Received: 4136443904
apex_throughput: [32mINFO[39m Received: 4143824896
apex_throughput: [32mINFO[39m Received: 4151214080
apex_throughput: [32mINFO[39m Received: 4158603264
apex_throughput: [32mINFO[39m Received: 4165984256
apex_throughput: [32mINFO[39m Received: 4173373440
apex_throughput: [32mINFO[39m Received: 4180762624
apex_throughput: [32mINFO[39m Received: 4188143616
apex_throughput: [32mINFO[39m Received: 4195532800
apex_throughput: [32mINFO[39m Received: 4202921984
apex_throughput: [32mINFO[39m Received: 4210302976
apex_throughput: [32mINFO[39m Received: 4217692160
apex_throughput: [32mINFO[39m Received: 4225081344
apex_throughput: [32mINFO[39m Received: 4232462336
apex_throughput: [32mINFO[39m Received: 4239851520
apex_throughput: [32mINFO[39m Received: 4247240704
apex_throughput: [32mINFO[39m Received: 4254621696
apex_throughput: [32mINFO[39m Received: 4262010880
apex_throughput: [32mINFO[39m Received: 4269400064
apex_throughput: [32mINFO[39m Received: 4276781056
apex_throughput: [32mINFO[39m Received: 4284170240
apex_throughput: [32mINFO[39m Received: 4291559424
apex_throughput: [32mINFO[39m Received: 4298940416
apex_throughput: [32mINFO[39m Received: 4306329600
apex_throughput: [32mINFO[39m Received: 4313718784
apex_throughput: [32mINFO[39m Received: 4321099776
apex_throughput: [32mINFO[39m Received: 4328488960
apex_throughput: [32mINFO[39m Received: 4335878144
apex_throughput: [32mINFO[39m Received: 4343259136
apex_throughput: [32mINFO[39m Received: 4350648320
apex_throughput: [32mINFO[39m Received: 4358037504
apex_throughput: [32mINFO[39m Received: 4365418496
apex_throughput: [32mINFO[39m Received: 4372807680
apex_throughput: [32mINFO[39m Received: 4380196864
apex_throughput: [32mINFO[39m Received: 4387577856
apex_throughput: [32mINFO[39m Received: 4394967040
apex_throughput: [32mINFO[39m Received: 4402356224
apex_throughput: [32mINFO[39m Received: 4409737216
apex_throughput: [32mINFO[39m Received: 4417126400
apex_throughput: [32mINFO[39m Received: 4424515584
apex_throughput: [32mINFO[39m Received: 4431896576
apex_throughput: [32mINFO[39m Received: 4439285760
apex_throughput: [32mINFO[39m Received: 4446674944
apex_throughput: [32mINFO[39m Received: 4454055936
apex_throughput: [32mINFO[39m Received: 4461445120
apex_throughput: [32mINFO[39m Received: 4468834304
apex_throughput: [32mINFO[39m Received: 4476215296
